<?xml version="1.0" encoding="UTF-8"?>
<!-- Generated by org.testng.reporters.JUnitReportReporter -->
<testsuite skipped="0" hostname="DESKTOP-3GNVT0U" name="com.qa.nsprocess.SOProcess" tests="3" failures="0" timestamp="09 Apr 2021 10:42:30 GMT" time="1355.393" errors="0">
  <testcase name="form_test" time="102.768" classname="com.qa.nsprocess.SOProcess"/>
  <testcase name="actions" time="430.538" classname="com.qa.nsprocess.SOProcess"/>
  <testcase name="soCreation" time="822.087" classname="com.qa.nsprocess.SOProcess"/>
</testsuite> <!-- com.qa.nsprocess.SOProcess -->
